<?xml version="1.0" encoding="UTF-8"?>
<!-- Generated by org.testng.reporters.JUnitReportReporter -->
<testsuite hostname="LTIN278508" failures="0" tests="2" name="lamdatest.Lambdatest" time="12.612" errors="0" timestamp="06 Feb 2022 13:28:29 GMT" skipped="0">
  <testcase classname="lamdatest.Lambdatest" name="testScript" time="4.866"/>
  <testcase classname="lamdatest.Lambdatest" name="scenario1" time="7.746"/>
</testsuite> <!-- lamdatest.Lambdatest -->
